# JRE version: Java(TM) SE Runtime Environment (8.0_201-b09) (build 1.8.0_201-b09)
# Java VM: Java HotSpot(TM) Client VM (25.201-b09 mixed mode, sharing windows-x86 )
Heap:
 def new generation   total 4928K, used 512K [0x03a00000, 0x03f50000, 0x08f50000)
  eden space 4416K,   0% used [0x03a00000, 0x03a00000, 0x03e50000)
  from space 512K, 100% used [0x03e50000, 0x03ed0000, 0x03ed0000)
  to   space 512K,   0% used [0x03ed0000, 0x03ed0000, 0x03f50000)
 tenured generation   total 11200K, used 11090K [0x08f50000, 0x09a40000, 0x13a00000)
   the space 11200K,  99% used [0x08f50000, 0x09a24960, 0x09a24a00, 0x09a40000)
 Metaspace       used 9174K, capacity 9658K, committed 9728K, reserved 10624K
GC Heap History (10 events):
Event: 7.197 GC heap after
Heap after GC invocations=13 (full 0):
 def new generation   total 4928K, used 512K [0x03a00000, 0x03f50000, 0x08f50000)
  eden space 4416K,   0% used [0x03a00000, 0x03a00000, 0x03e50000)
  from space 512K, 100% used [0x03ed0000, 0x03f50000, 0x03f50000)
  to   space 512K,   0% used [0x03e50000, 0x03e50000, 0x03ed0000)
 tenured generation   total 10944K, used 8585K [0x08f50000, 0x09a00000, 0x13a00000)
   the space 10944K,  78% used [0x08f50000, 0x097b2798, 0x097b2800, 0x09a00000)
 Metaspace       used 6992K, capacity 7983K, committed 8064K, reserved 8576K
}
Event: 7.334 GC heap before
{Heap before GC invocations=13 (full 0):
 def new generation   total 4928K, used 4928K [0x03a00000, 0x03f50000, 0x08f50000)
  eden space 4416K, 100% used [0x03a00000, 0x03e50000, 0x03e50000)
  from space 512K, 100% used [0x03ed0000, 0x03f50000, 0x03f50000)
  to   space 512K,   0% used [0x03e50000, 0x03e50000, 0x03ed0000)
 tenured generation   total 10944K, used 8585K [0x08f50000, 0x09a00000, 0x13a00000)
   the space 10944K,  78% used [0x08f50000, 0x097b2798, 0x097b2800, 0x09a00000)
 Metaspace       used 7089K, capacity 8062K, committed 8064K, reserved 8576K
Event: 7.345 GC heap after
Heap after GC invocations=14 (full 0):
 def new generation   total 4928K, used 512K [0x03a00000, 0x03f50000, 0x08f50000)
  eden space 4416K,   0% used [0x03a00000, 0x03a00000, 0x03e50000)
  from space 512K, 100% used [0x03e50000, 0x03ed0000, 0x03ed0000)
  to   space 512K,   0% used [0x03ed0000, 0x03ed0000, 0x03f50000)
 tenured generation   total 10944K, used 9368K [0x08f50000, 0x09a00000, 0x13a00000)
   the space 10944K,  85% used [0x08f50000, 0x098762d0, 0x09876400, 0x09a00000)
 Metaspace       used 7089K, capacity 8062K, committed 8064K, reserved 8576K
}
Event: 7.789 GC heap before
{Heap before GC invocations=14 (full 0):
 def new generation   total 4928K, used 4928K [0x03a00000, 0x03f50000, 0x08f50000)
  eden space 4416K, 100% used [0x03a00000, 0x03e50000, 0x03e50000)
  from space 512K, 100% used [0x03e50000, 0x03ed0000, 0x03ed0000)
  to   space 512K,   0% used [0x03ed0000, 0x03ed0000, 0x03f50000)
 tenured generation   total 10944K, used 9368K [0x08f50000, 0x09a00000, 0x13a00000)
   the space 10944K,  85% used [0x08f50000, 0x098762d0, 0x09876400, 0x09a00000)
 Metaspace       used 7421K, capacity 8072K, committed 8192K, reserved 8576K
Event: 7.795 GC heap after
Heap after GC invocations=15 (full 0):
 def new generation   total 4928K, used 494K [0x03a00000, 0x03f50000, 0x08f50000)
  eden space 4416K,   0% used [0x03a00000, 0x03a00000, 0x03e50000)
  from space 512K,  96% used [0x03ed0000, 0x03f4b988, 0x03f50000)
  to   space 512K,   0% used [0x03e50000, 0x03e50000, 0x03ed0000)
 tenured generation   total 10944K, used 9878K [0x08f50000, 0x09a00000, 0x13a00000)
   the space 10944K,  90% used [0x08f50000, 0x098f5b58, 0x098f5c00, 0x09a00000)
 Metaspace       used 7421K, capacity 8072K, committed 8192K, reserved 8576K
}
Event: 9.157 GC heap before
{Heap before GC invocations=15 (full 0):
 def new generation   total 4928K, used 4910K [0x03a00000, 0x03f50000, 0x08f50000)
  eden space 4416K, 100% used [0x03a00000, 0x03e50000, 0x03e50000)
  from space 512K,  96% used [0x03ed0000, 0x03f4b988, 0x03f50000)
  to   space 512K,   0% used [0x03e50000, 0x03e50000, 0x03ed0000)
 tenured generation   total 10944K, used 9878K [0x08f50000, 0x09a00000, 0x13a00000)
   the space 10944K,  90% used [0x08f50000, 0x098f5b58, 0x098f5c00, 0x09a00000)
 Metaspace       used 8145K, capacity 8546K, committed 8576K, reserved 8576K
Event: 9.169 GC heap after
Heap after GC invocations=16 (full 0):
 def new generation   total 4928K, used 512K [0x03a00000, 0x03f50000, 0x08f50000)
  eden space 4416K,   0% used [0x03a00000, 0x03a00000, 0x03e50000)
  from space 512K, 100% used [0x03e50000, 0x03ed0000, 0x03ed0000)
  to   space 512K,   0% used [0x03ed0000, 0x03ed0000, 0x03f50000)
 tenured generation   total 10944K, used 10406K [0x08f50000, 0x09a00000, 0x13a00000)
   the space 10944K,  95% used [0x08f50000, 0x09979ba0, 0x09979c00, 0x09a00000)
 Metaspace       used 8145K, capacity 8546K, committed 8576K, reserved 8576K
}
Event: 9.636 GC heap before
{Heap before GC invocations=16 (full 0):
 def new generation   total 4928K, used 4928K [0x03a00000, 0x03f50000, 0x08f50000)
  eden space 4416K, 100% used [0x03a00000, 0x03e50000, 0x03e50000)
  from space 512K, 100% used [0x03e50000, 0x03ed0000, 0x03ed0000)
  to   space 512K,   0% used [0x03ed0000, 0x03ed0000, 0x03f50000)
 tenured generation   total 10944K, used 10406K [0x08f50000, 0x09a00000, 0x13a00000)
   the space 10944K,  95% used [0x08f50000, 0x09979ba0, 0x09979c00, 0x09a00000)
 Metaspace       used 8607K, capacity 9114K, committed 9216K, reserved 9600K
Event: 9.646 GC heap after
Heap after GC invocations=17 (full 0):
 def new generation   total 4928K, used 512K [0x03a00000, 0x03f50000, 0x08f50000)
  eden space 4416K,   0% used [0x03a00000, 0x03a00000, 0x03e50000)
  from space 512K, 100% used [0x03ed0000, 0x03f50000, 0x03f50000)
  to   space 512K,   0% used [0x03e50000, 0x03e50000, 0x03ed0000)
 tenured generation   total 10944K, used 10713K [0x08f50000, 0x09a00000, 0x13a00000)
   the space 10944K,  97% used [0x08f50000, 0x099c6458, 0x099c6600, 0x09a00000)
 Metaspace       used 8607K, capacity 9114K, committed 9216K, reserved 9600K
}
Event: 10.695 GC heap before
{Heap before GC invocations=17 (full 0):
 def new generation   total 4928K, used 4928K [0x03a00000, 0x03f50000, 0x08f50000)
  eden space 4416K, 100% used [0x03a00000, 0x03e50000, 0x03e50000)
  from space 512K, 100% used [0x03ed0000, 0x03f50000, 0x03f50000)
  to   space 512K,   0% used [0x03e50000, 0x03e50000, 0x03ed0000)
 tenured generation   total 10944K, used 10713K [0x08f50000, 0x09a00000, 0x13a00000)
   the space 10944K,  97% used [0x08f50000, 0x099c6458, 0x099c6600, 0x09a00000)
 Metaspace       used 9174K, capacity 9658K, committed 9728K, reserved 10624K

