<?xml version="1.0" encoding="UTF-8"?>
<testng-results skipped="0" failed="0" ignored="0" total="2" passed="2">
  <reporter-output>
  </reporter-output>
  <suite name="Default suite" duration-ms="71479" started-at="2020-04-08T11:30:37Z" finished-at="2020-04-08T11:31:48Z">
    <groups>
    </groups>
    <test name="Default test" duration-ms="71479" started-at="2020-04-08T11:30:37Z" finished-at="2020-04-08T11:31:48Z">
      <class name="pkg.TestCases.AddCustomerTest">
        <test-method status="PASS" signature="setUp()[pri:0, instance:pkg.TestCases.AddCustomerTest@7c7811]" name="setUp" is-config="true" duration-ms="32387" started-at="2020-04-08T11:30:38Z" finished-at="2020-04-08T11:31:11Z">
          <reporter-output>
          </reporter-output>
        </test-method> <!-- setUp -->
        <test-method status="PASS" signature="addNewCustomer(java.lang.String, java.lang.String, java.lang.String, java.lang.String, java.lang.String)[pri:1, instance:pkg.TestCases.AddCustomerTest@7c7811]" name="addNewCustomer" duration-ms="5372" started-at="2020-04-08T11:31:11Z" data-provider="getData" finished-at="2020-04-08T11:31:16Z">
          <params>
            <param index="0">
              <value>
                <![CDATA[richa]]>
              </value>
            </param>
            <param index="1">
              <value>
                <![CDATA[chhabra]]>
              </value>
            </param>
            <param index="2">
              <value>
                <![CDATA[rc@gmail.com]]>
              </value>
            </param>
            <param index="3">
              <value>
                <![CDATA[model colonydelhi]]>
              </value>
            </param>
            <param index="4">
              <value>
                <![CDATA[1234512345]]>
              </value>
            </param>
          </params>
          <reporter-output>
          </reporter-output>
        </test-method> <!-- addNewCustomer -->
        <test-method status="PASS" signature="tearDown()[pri:0, instance:pkg.TestCases.AddCustomerTest@7c7811]" name="tearDown" is-config="true" duration-ms="2554" started-at="2020-04-08T11:31:16Z" finished-at="2020-04-08T11:31:18Z">
          <reporter-output>
          </reporter-output>
        </test-method> <!-- tearDown -->
        <test-method status="PASS" signature="setUp()[pri:0, instance:pkg.TestCases.AddCustomerTest@7c7811]" name="setUp" is-config="true" duration-ms="22221" started-at="2020-04-08T11:31:18Z" finished-at="2020-04-08T11:31:41Z">
          <reporter-output>
          </reporter-output>
        </test-method> <!-- setUp -->
        <test-method status="PASS" signature="addNewCustomer(java.lang.String, java.lang.String, java.lang.String, java.lang.String, java.lang.String)[pri:1, instance:pkg.TestCases.AddCustomerTest@7c7811]" name="addNewCustomer" duration-ms="5564" started-at="2020-04-08T11:31:41Z" data-provider="getData" finished-at="2020-04-08T11:31:46Z">
          <params>
            <param index="0">
              <value>
                <![CDATA[sheenam]]>
              </value>
            </param>
            <param index="1">
              <value>
                <![CDATA[bansal]]>
              </value>
            </param>
            <param index="2">
              <value>
                <![CDATA[sb@gmail.com]]>
              </value>
            </param>
            <param index="3">
              <value>
                <![CDATA[sec14ggn]]>
              </value>
            </param>
            <param index="4">
              <value>
                <![CDATA[5432154321]]>
              </value>
            </param>
          </params>
          <reporter-output>
          </reporter-output>
        </test-method> <!-- addNewCustomer -->
        <test-method status="PASS" signature="tearDown()[pri:0, instance:pkg.TestCases.AddCustomerTest@7c7811]" name="tearDown" is-config="true" duration-ms="2174" started-at="2020-04-08T11:31:46Z" finished-at="2020-04-08T11:31:48Z">
          <reporter-output>
          </reporter-output>
        </test-method> <!-- tearDown -->
      </class> <!-- pkg.TestCases.AddCustomerTest -->
    </test> <!-- Default test -->
  </suite> <!-- Default suite -->
</testng-results>
